c:\users\shado\source\repos\tower_defense\tower_defense\debug\vc142.pdb
c:\users\shado\source\repos\tower_defense\tower_defense\debug\vc142.idb
c:\users\shado\source\repos\tower_defense\tower_defense\debug\tower.obj
c:\users\shado\source\repos\tower_defense\tower_defense\debug\gamemanager.obj
c:\users\shado\source\repos\tower_defense\tower_defense\debug\constructionmenu.obj
c:\users\shado\source\repos\tower_defense\tower_defense\debug\path.obj
c:\users\shado\source\repos\tower_defense\tower_defense\debug\map.obj
c:\users\shado\source\repos\tower_defense\tower_defense\debug\source.obj
c:\users\shado\source\repos\tower_defense\tower_defense\debug\texturemanager.obj
c:\users\shado\source\repos\tower_defense\tower_defense\debug\button.obj
c:\users\shado\source\repos\tower_defense\tower_defense\debug\displaymenu.obj
c:\users\shado\source\repos\tower_defense\tower_defense\debug\magictower.obj
c:\users\shado\source\repos\tower_defense\tower_defense\debug\levelmanager.obj
c:\users\shado\source\repos\tower_defense\tower_defense\debug\basictower.obj
c:\users\shado\source\repos\tower_defense\tower_defense\debug\enemy.obj
c:\users\shado\source\repos\tower_defense\tower_defense\debug\bullet.obj
c:\users\shado\source\repos\tower_defense\tower_defense\debug\arrowtower.obj
c:\users\shado\source\repos\tower_defense\debug\tower_defense.exe
c:\users\shado\source\repos\tower_defense\debug\tower_defense.ilk
c:\users\shado\source\repos\tower_defense\debug\tower_defense.pdb
c:\users\shado\source\repos\tower_defense\tower_defense\debug\tower_defense.tlog\cl.command.1.tlog
c:\users\shado\source\repos\tower_defense\tower_defense\debug\tower_defense.tlog\cl.read.1.tlog
c:\users\shado\source\repos\tower_defense\tower_defense\debug\tower_defense.tlog\cl.write.1.tlog
c:\users\shado\source\repos\tower_defense\tower_defense\debug\tower_defense.tlog\link.command.1.tlog
c:\users\shado\source\repos\tower_defense\tower_defense\debug\tower_defense.tlog\link.read.1.tlog
c:\users\shado\source\repos\tower_defense\tower_defense\debug\tower_defense.tlog\link.write.1.tlog
