c:\users\shado\source\repos\tower_defense\tower_defense\release\vc142.pdb
c:\users\shado\source\repos\tower_defense\tower_defense\release\constructionmenu.obj
c:\users\shado\source\repos\tower_defense\tower_defense\release\path.obj
c:\users\shado\source\repos\tower_defense\tower_defense\release\map.obj
c:\users\shado\source\repos\tower_defense\tower_defense\release\source.obj
c:\users\shado\source\repos\tower_defense\tower_defense\release\tower.obj
c:\users\shado\source\repos\tower_defense\tower_defense\release\counter.obj
c:\users\shado\source\repos\tower_defense\tower_defense\release\gamemanager.obj
c:\users\shado\source\repos\tower_defense\tower_defense\release\texturemanager.obj
c:\users\shado\source\repos\tower_defense\tower_defense\release\enemy.obj
c:\users\shado\source\repos\tower_defense\tower_defense\release\basictower.obj
c:\users\shado\source\repos\tower_defense\tower_defense\release\magictower.obj
c:\users\shado\source\repos\tower_defense\tower_defense\release\arrowtower.obj
c:\users\shado\source\repos\tower_defense\tower_defense\release\bullet.obj
c:\users\shado\source\repos\tower_defense\tower_defense\release\displaymenu.obj
c:\users\shado\source\repos\tower_defense\tower_defense\release\button.obj
c:\users\shado\source\repos\tower_defense\tower_defense\release\levelmanager.obj
c:\users\shado\source\repos\tower_defense\tower_defense\release\wraith.obj
c:\users\shado\source\repos\tower_defense\tower_defense\release\troll.obj
c:\users\shado\source\repos\tower_defense\tower_defense\release\minotaur.obj
c:\users\shado\source\repos\tower_defense\tower_defense\release\blueminotaur.obj
c:\users\shado\source\repos\tower_defense\tower_defense\release\spell.obj
c:\users\shado\source\repos\tower_defense\tower_defense\release\poisontower.obj
c:\users\shado\source\repos\tower_defense\tower_defense\release\poisonbullet.obj
c:\users\shado\source\repos\tower_defense\tower_defense\release\mudbullet.obj
c:\users\shado\source\repos\tower_defense\tower_defense\release\menustate.obj
c:\users\shado\source\repos\tower_defense\tower_defense\release\magicbullet.obj
c:\users\shado\source\repos\tower_defense\tower_defense\release\icetower.obj
c:\users\shado\source\repos\tower_defense\tower_defense\release\icebullet.obj
c:\users\shado\source\repos\tower_defense\tower_defense\release\gamestate.obj
c:\users\shado\source\repos\tower_defense\tower_defense\release\gameoverstate.obj
c:\users\shado\source\repos\tower_defense\tower_defense\release\firebullet.obj
c:\users\shado\source\repos\tower_defense\tower_defense\release\arrowbullet.obj
c:\users\shado\source\repos\tower_defense\tower_defense\release\state.obj
c:\users\shado\source\repos\tower_defense\tower_defense\release\healthbar.obj
c:\users\shado\source\repos\tower_defense\tower_defense\release\mapselectionstate.obj
c:\users\shado\source\repos\tower_defense\tower_defense\release\damageeffect.obj
c:\users\shado\source\repos\tower_defense\tower_defense\release\wizardtower.obj
c:\users\shado\source\repos\tower_defense\tower_defense\release\windbullet.obj
c:\users\shado\source\repos\tower_defense\tower_defense\release\tooltip.obj
c:\users\shado\source\repos\tower_defense\tower_defense\release\tile.obj
c:\users\shado\source\repos\tower_defense\tower_defense\release\mortartower.obj
c:\users\shado\source\repos\tower_defense\tower_defense\release\particle.obj
c:\users\shado\source\repos\tower_defense\tower_defense\release\countdown.obj
c:\users\shado\source\repos\tower_defense\tower_defense\release\foilage.obj
c:\users\shado\source\repos\tower_defense\tower_defense\release\helpstate.obj
c:\users\shado\source\repos\tower_defense\tower_defense\release\skillsystem.obj
c:\users\shado\source\repos\tower_defense\tower_defense\release\skillstate.obj
c:\users\shado\source\repos\tower_defense\tower_defense\release\scorestate.obj
c:\users\shado\source\repos\tower_defense\release\tower_defense.exe
c:\users\shado\source\repos\tower_defense\release\tower_defense.pdb
c:\users\shado\source\repos\tower_defense\release\tower_defense.ipdb
c:\users\shado\source\repos\tower_defense\release\tower_defense.iobj
c:\users\shado\source\repos\tower_defense\tower_defense\release\tower_defense.tlog\cl.command.1.tlog
c:\users\shado\source\repos\tower_defense\tower_defense\release\tower_defense.tlog\cl.read.1.tlog
c:\users\shado\source\repos\tower_defense\tower_defense\release\tower_defense.tlog\cl.write.1.tlog
c:\users\shado\source\repos\tower_defense\tower_defense\release\tower_defense.tlog\link.command.1.tlog
c:\users\shado\source\repos\tower_defense\tower_defense\release\tower_defense.tlog\link.read.1.tlog
c:\users\shado\source\repos\tower_defense\tower_defense\release\tower_defense.tlog\link.write.1.tlog
c:\users\shado\source\repos\tower_defense\tower_defense\release\tower_defense.tlog\tower_defense.write.1u.tlog
