  MenuState.cpp
C:\Users\Shado\source\repos\Tower_Defense\Tower_Defense\ToolTip.h(34,77): warning C4244: 'argument': conversion from 'unsigned int' to 'T', possible loss of data
          with
          [
              T=float
          ]
C:\Users\Shado\source\repos\Tower_Defense\Tower_Defense\DamageEffect.h(17,13): warning C4244: 'argument': conversion from 'time_t' to 'unsigned int', possible loss of data
C:\Users\Shado\source\repos\Tower_Defense\Tower_Defense\MenuState.h(23,1): warning C4305: 'argument': truncation from 'double' to 'float'
C:\Users\Shado\source\repos\Tower_Defense\Tower_Defense\Particle.h(27,24): warning C4244: '=': conversion from 'int' to 'T', possible loss of data
          with
          [
              T=float
          ]
C:\Users\Shado\source\repos\Tower_Defense\Tower_Defense\Particle.h(28,24): warning C4244: '=': conversion from 'int' to 'T', possible loss of data
          with
          [
              T=float
          ]
C:\Users\Shado\source\repos\Tower_Defense\Tower_Defense\Particle.h(51,1): warning C4305: '-=': truncation from 'double' to 'float'
C:\Users\Shado\source\repos\Tower_Defense\Tower_Defense\MenuState.cpp(38,15): warning C4244: 'argument': conversion from 'time_t' to 'unsigned int', possible loss of data
C:\Users\Shado\source\repos\Tower_Defense\Tower_Defense\MenuState.cpp(44,85): warning C4244: 'argument': conversion from 'T' to 'T', possible loss of data
          with
          [
              T=int
          ]
          and
          [
              T=float
          ]
C:\Users\Shado\source\repos\Tower_Defense\Tower_Defense\MenuState.cpp(44,55): warning C4244: 'argument': conversion from 'T' to 'T', possible loss of data
          with
          [
              T=int
          ]
          and
          [
              T=float
          ]
C:\Users\Shado\source\repos\Tower_Defense\Tower_Defense\MenuState.cpp(153,104): warning C4244: 'argument': conversion from 'int' to 'T', possible loss of data
          with
          [
              T=float
          ]
C:\Users\Shado\source\repos\Tower_Defense\Tower_Defense\MenuState.cpp(153,92): warning C4244: 'argument': conversion from 'int' to 'T', possible loss of data
          with
          [
              T=float
          ]
C:\Users\Shado\source\repos\Tower_Defense\Tower_Defense\MenuState.cpp(154,105): warning C4244: 'argument': conversion from 'int' to 'T', possible loss of data
          with
          [
              T=float
          ]
C:\Users\Shado\source\repos\Tower_Defense\Tower_Defense\MenuState.cpp(154,93): warning C4244: 'argument': conversion from 'int' to 'T', possible loss of data
          with
          [
              T=float
          ]
C:\Users\Shado\source\repos\Tower_Defense\Tower_Defense\MenuState.cpp(175,106): warning C4244: 'argument': conversion from 'int' to 'T', possible loss of data
          with
          [
              T=float
          ]
C:\Users\Shado\source\repos\Tower_Defense\Tower_Defense\MenuState.cpp(175,94): warning C4244: 'argument': conversion from 'int' to 'T', possible loss of data
          with
          [
              T=float
          ]
C:\Users\Shado\source\repos\Tower_Defense\Tower_Defense\MenuState.cpp(176,106): warning C4244: 'argument': conversion from 'int' to 'T', possible loss of data
          with
          [
              T=float
          ]
C:\Users\Shado\source\repos\Tower_Defense\Tower_Defense\MenuState.cpp(176,94): warning C4244: 'argument': conversion from 'int' to 'T', possible loss of data
          with
          [
              T=float
          ]
  Source.cpp
C:\Users\Shado\source\repos\Tower_Defense\Tower_Defense\ToolTip.h(34,77): warning C4244: 'argument': conversion from 'unsigned int' to 'T', possible loss of data
          with
          [
              T=float
          ]
C:\Users\Shado\source\repos\Tower_Defense\Tower_Defense\DamageEffect.h(17,13): warning C4244: 'argument': conversion from 'time_t' to 'unsigned int', possible loss of data
C:\Users\Shado\source\repos\Tower_Defense\Tower_Defense\MenuState.h(23,1): warning C4305: 'argument': truncation from 'double' to 'float'
C:\Users\Shado\source\repos\Tower_Defense\Tower_Defense\MapSelectionState.h(20,1): warning C4305: 'argument': truncation from 'double' to 'float'
C:\Users\Shado\source\repos\Tower_Defense\Tower_Defense\HelpState.h(15,1): warning C4305: 'argument': truncation from 'double' to 'float'
C:\Users\Shado\source\repos\Tower_Defense\Tower_Defense\Source.cpp(11,5): warning C4007: 'WinMain': must be '__stdcall'
  Generating code
  5 of 2204 functions ( 0.2%) were compiled, the rest were copied from previous compilation.
    0 functions were new in current compilation
    14 functions had inline decision re-evaluated but remain unchanged
  Finished generating code
  Tower_Defense.vcxproj -> C:\Users\Shado\source\repos\Tower_Defense\Release\Tower_Defense.exe
